\BOOKMARK [1][-]{section.1}{\376\377\000O\000v\000e\000r\000v\000i\000e\000w}{}% 1
\BOOKMARK [1][-]{section.2}{\376\377\000P\000r\000e\000-\000P\000a\000s\000s\000\040\000D\000i\000s\000c\000o\000v\000e\000r\000y\000\040\000P\000r\000o\000m\000p\000t}{}% 2
\BOOKMARK [2][-]{subsection.2.1}{\376\377\000P\000r\000o\000m\000p\000t}{section.2}% 3
\BOOKMARK [2][-]{subsection.2.2}{\376\377\000M\000o\000d\000e\000l\000\040\000R\000e\000s\000p\000o\000n\000s\000e}{section.2}% 4
\BOOKMARK [1][-]{section.3}{\376\377\000A\000l\000l\000-\000I\000n\000-\000O\000n\000e\000\040\000T\000r\000i\000a\000g\000e\000\040\000P\000r\000o\000m\000p\000t}{}% 5
\BOOKMARK [2][-]{subsection.3.1}{\376\377\000P\000r\000o\000m\000p\000t}{section.3}% 6
\BOOKMARK [2][-]{subsection.3.2}{\376\377\000M\000o\000d\000e\000l\000\040\000R\000e\000s\000p\000o\000n\000s\000e}{section.3}% 7
\BOOKMARK [1][-]{section.4}{\376\377\000F\000u\000n\000d\000a\000m\000e\000n\000t\000a\000l\000s\000-\000O\000n\000l\000y\000\040\000P\000r\000o\000m\000p\000t}{}% 8
\BOOKMARK [2][-]{subsection.4.1}{\376\377\000P\000r\000o\000m\000p\000t}{section.4}% 9
\BOOKMARK [2][-]{subsection.4.2}{\376\377\000M\000o\000d\000e\000l\000\040\000R\000e\000s\000p\000o\000n\000s\000e}{section.4}% 10
\BOOKMARK [2][-]{subsection.4.3}{\376\377\000A\000n\000c\000h\000o\000r\000\040\000E\000x\000c\000e\000r\000p\000t\000s}{section.4}% 11
\BOOKMARK [1][-]{section.5}{\376\377\000P\000r\000i\000c\000i\000n\000g\000-\000F\000o\000c\000u\000s\000e\000d\000\040\000P\000r\000o\000m\000p\000t}{}% 12
\BOOKMARK [2][-]{subsection.5.1}{\376\377\000P\000r\000o\000m\000p\000t}{section.5}% 13
\BOOKMARK [2][-]{subsection.5.2}{\376\377\000M\000o\000d\000e\000l\000\040\000R\000e\000s\000p\000o\000n\000s\000e}{section.5}% 14
\BOOKMARK [2][-]{subsection.5.3}{\376\377\000A\000n\000c\000h\000o\000r\000\040\000E\000x\000c\000e\000r\000p\000t\000s}{section.5}% 15
\BOOKMARK [1][-]{section.6}{\376\377\000F\000i\000n\000a\000n\000c\000i\000a\000l\000\040\000C\000o\000v\000e\000n\000a\000n\000t\000s\000\040\000P\000r\000o\000m\000p\000t}{}% 16
\BOOKMARK [2][-]{subsection.6.1}{\376\377\000P\000r\000o\000m\000p\000t}{section.6}% 17
\BOOKMARK [2][-]{subsection.6.2}{\376\377\000M\000o\000d\000e\000l\000\040\000R\000e\000s\000p\000o\000n\000s\000e}{section.6}% 18
\BOOKMARK [2][-]{subsection.6.3}{\376\377\000A\000n\000c\000h\000o\000r\000\040\000E\000x\000c\000e\000r\000p\000t\000s}{section.6}% 19
\BOOKMARK [1][-]{section.7}{\376\377\000F\000u\000l\000l\000-\000D\000o\000c\000u\000m\000e\000n\000t\000\040\000E\000x\000t\000r\000a\000c\000t\000o\000r\000\040\000\050\000S\000u\000b\000s\000e\000t\000\040\000P\000a\000s\000s\000\051}{}% 20
\BOOKMARK [2][-]{subsection.7.1}{\376\377\000P\000r\000o\000m\000p\000t}{section.7}% 21
\BOOKMARK [2][-]{subsection.7.2}{\376\377\000S\000o\000u\000r\000c\000e\000\040\000E\000x\000c\000e\000r\000p\000t\000s\000\040\000P\000r\000o\000v\000i\000d\000e\000d}{section.7}% 22
\BOOKMARK [2][-]{subsection.7.3}{\376\377\000M\000o\000d\000e\000l\000\040\000R\000e\000s\000p\000o\000n\000s\000e}{section.7}% 23
\BOOKMARK [1][-]{section.8}{\376\377\000P\000r\000i\000c\000i\000n\000g\000\040\000E\000x\000t\000r\000a\000c\000t\000o\000r\000\040\000\050\000d\000g\000\137\000s\000i\000m\000p\000l\000e\000\137\000v\0002\000\051}{}% 24
\BOOKMARK [2][-]{subsection.8.1}{\376\377\000P\000r\000o\000m\000p\000t}{section.8}% 25
\BOOKMARK [2][-]{subsection.8.2}{\376\377\000M\000o\000d\000e\000l\000\040\000R\000e\000s\000p\000o\000n\000s\000e}{section.8}% 26
